<?xml version="1.0" encoding="UTF-8"?>
<!-- Generated by org.testng.reporters.JUnitXMLReporter -->
<testsuite hostname="DESKTOP-M3KNQBL" ignored="0" name="Test" tests="2" failures="1" timestamp="31 Jul 2018 01:27:07 GMT" time="12.684" errors="0">
  <testcase name="anotherTestMethod" time="0.001" classname="System.NewTest"/>
  <testcase name="f" time="12.006" classname="System.NewTest">
    <failure type="java.lang.AssertionError" message="expected [G00003@100002.com2] but found [G00003@100002.com]">
      <![CDATA[java.lang.AssertionError: expected [G00003@100002.com2] but found [G00003@100002.com]
at System.NewTest.f(NewTest.java:49)
... Removed 40 stack frames]]>
    </failure>
  </testcase> <!-- f -->
</testsuite> <!-- Test -->
